<?xml version="1.0" encoding="UTF-8"?>
<testsuite xmlns:xsi="http://www.w3.org/2001/XMLSchema-instance" xsi:noNamespaceSchemaLocation="https://maven.apache.org/surefire/maven-surefire-plugin/xsd/surefire-test-report.xsd" name="TestAccountArrayList" time="0.106" tests="33" errors="0" skipped="0" failures="0">
  <properties>
[...]
</properties>
  <testcase name="testIfCreditHistorySumToIndexZeroWhenFull" classname="TestAccountArrayList" time="0.035"/>
  <testcase name="testIfCreditASavingAccountViaBankCreditTheAccountWell" classname="TestAccountArrayList" time="0.001"/>
  <testcase name="testIfNegativeValueThrowsExceptionInAddCredit" classname="TestAccountArrayList" time="0.003"/>
  <testcase name="testIfDebitHistorySumToIndexZeroWhenFull" classname="TestAccountArrayList" time="0.001"/>
  <testcase name="testIfInterestAreGood" classname="TestAccountArrayList" time="0.001"/>
  <testcase name="testIfValueIncrementedWhenCreditAccount" classname="TestAccountArrayList" time="0.001"/>
  <testcase name="testIfTransferFromAnInexistantAccountThrowAnException" classname="TestAccountArrayList" time="0.001"/>
  <testcase name="testIfTransferTooMuchFromASavingAccountThrowsAnException" classname="TestAccountArrayList" time="0.002"/>
  <testcase name="testIfValueIncrementedWhenDebitAccount" classname="TestAccountArrayList" time="0.001"/>
  <testcase name="testIfDebitValueSuperiorToSoldThrowsException" classname="TestAccountArrayList" time="0.002"/>
  <testcase name="testIfCreditAccountFromSavingAccountDebitTheGoodAccountAndCreditTheGoodAccount" classname="TestAccountArrayList" time="0.001"/>
  <testcase name="testDebitOver100000ThrowsAnException" classname="TestAccountArrayList" time="0.001"/>
  <testcase name="testIfAccountAddedToTheListWhenOpenned" classname="TestAccountArrayList" time="0.001"/>
  <testcase name="testIfCreditAndDebitToZeroWhenSavingAccountCreated" classname="TestAccountArrayList" time="0.001"/>
  <testcase name="testIfCreditAddToTheList" classname="TestAccountArrayList" time="0.001"/>
  <testcase name="testIfWrongIndexWhenCreditedThrowsException" classname="TestAccountArrayList" time="0.002"/>
  <testcase name="testIfDebitAddToTheList" classname="TestAccountArrayList" time="0.001"/>
  <testcase name="testDebitZeroForbiddenThrowsAnException" classname="TestAccountArrayList" time="0.001"/>
  <testcase name="testIfSoldCorrectAfterSomeOperationsOnSavingAccount" classname="TestAccountArrayList" time="0.001"/>
  <testcase name="testIfSoldCorrectAfterSomeOperations" classname="TestAccountArrayList" time="0.001"/>
  <testcase name="testIfCreditASavingAccountViaBankDebitTheAccountWell" classname="TestAccountArrayList" time="0.001"/>
  <testcase name="testIfSoldIsCorrect" classname="TestAccountArrayList" time="0.001"/>
  <testcase name="testIfBankDoesntHaveAccountWhenCreated" classname="TestAccountArrayList" time="0"/>
  <testcase name="testIfCreditAndDebitToZeroWhenAccountCreated" classname="TestAccountArrayList" time="0.001"/>
  <testcase name="testIfCreditAnAccountViaBankCreditTheAccountWell" classname="TestAccountArrayList" time="0.001"/>
  <testcase name="testIfNegativeValueThrowsExceptionInAddDebit" classname="TestAccountArrayList" time="0.001"/>
  <testcase name="testCreditOver100000ThrowsAnException" classname="TestAccountArrayList" time="0.001"/>
  <testcase name="testIfCreditAccountFromAnotherOneDebitTheGoodAccountAndCreditTheGoodAccount" classname="TestAccountArrayList" time="0.001"/>
  <testcase name="testCreditZeroForbiddenThrowsAnException" classname="TestAccountArrayList" time="0.001"/>
  <testcase name="testIfCreditAnAccountViaBankDebitTheAccountWell" classname="TestAccountArrayList" time="0"/>
  <testcase name="testIfInterestAreAddedWhenDueDateMethodIsCalled" classname="TestAccountArrayList" time="0.001"/>
  <testcase name="testIfValueIncrementedWhenCreditSavingAccount" classname="TestAccountArrayList" time="0.001"/>
  <testcase name="testIfWrongIndexWhenDebitedThrowsException" classname="TestAccountArrayList" time="0.001"/>
</testsuite>